<html>
<body>
<pre>
<h1>Vision Build Log</h1>
<h2>Project:</h2>
F:\资料\单片机\15w89c单片机\15W程序\E2PROM简单密码锁\密码锁1602\7秒记忆的旺财\user\旺财.uvproj
Project File Date:  07/19/2017

<h2>Output:</h2>
Build target 'Target 1'
assembling STARTUP.A51...
compiling main.c...
compiling Delay.C...
compiling Key.C...
compiling LCD1602.c...
linking...
*** WARNING L16: UNCALLED SEGMENT, IGNORED FOR OVERLAY PROCESS
    SEGMENT: ?PR?_DELAY_US?DELAY
*** WARNING L16: UNCALLED SEGMENT, IGNORED FOR OVERLAY PROCESS
    SEGMENT: ?PR?SCAN_KEY?KEY
*** WARNING L16: UNCALLED SEGMENT, IGNORED FOR OVERLAY PROCESS
    SEGMENT: ?PR?_WRITE_CHAR?LCD1602
Program Size: data=50.1 xdata=0 code=1269
creating hex file from "..\output\旺财"...
"..\output\旺财" - 0 Error(s), 3 Warning(s).
Build target 'Target 1'
assembling STARTUP.A51...
compiling main.c...
compiling Delay.C...
compiling Key.C...
compiling LCD1602.c...
linking...
*** WARNING L16: UNCALLED SEGMENT, IGNORED FOR OVERLAY PROCESS
    SEGMENT: ?PR?_DELAY_US?DELAY
*** WARNING L16: UNCALLED SEGMENT, IGNORED FOR OVERLAY PROCESS
    SEGMENT: ?PR?SCAN_KEY?KEY
*** WARNING L16: UNCALLED SEGMENT, IGNORED FOR OVERLAY PROCESS
    SEGMENT: ?PR?_WRITE_CHAR?LCD1602
Program Size: data=50.1 xdata=0 code=1269
creating hex file from "..\output\旺财"...
"..\output\旺财" - 0 Error(s), 3 Warning(s).
Build target 'Target 1'
assembling STARTUP.A51...
compiling main.c...
compiling Delay.C...
compiling Key.C...
..\PROGRAM\KEY.C(34): warning C206: 'Delay': missing function-prototype
..\PROGRAM\KEY.C(34): error C267: 'Delay': requires ANSI-style prototype
compiling LCD1602.c...
Target not created
Build target 'Target 1'
assembling STARTUP.A51...
compiling main.c...
compiling Delay.C...
compiling Key.C...
..\PROGRAM\KEY.C(34): warning C206: 'Delay': missing function-prototype
..\PROGRAM\KEY.C(34): error C267: 'Delay': requires ANSI-style prototype
compiling LCD1602.c...
Target not created
Build target 'Target 1'
assembling STARTUP.A51...
compiling main.c...
compiling Delay.C...
compiling Key.C...
..\PROGRAM\KEY.C(33): warning C206: 'Delay': missing function-prototype
..\PROGRAM\KEY.C(33): error C267: 'Delay': requires ANSI-style prototype
compiling LCD1602.c...
Target not created
